<?xml version="1.0" encoding="UTF-8"?>
<!-- Generated by org.testng.reporters.JUnitReportReporter -->
<testsuite hostname="DESKTOP-EIOB9NI" failures="0" tests="1" name="responseValidation.StaticResponseValidationTest" time="2.048" errors="0" timestamp="2022-02-10T16:00:08 IST" skipped="0">
  <testcase classname="responseValidation.StaticResponseValidationTest" name="varify" time="2.048"/>
  <system-out/>
</testsuite> <!-- responseValidation.StaticResponseValidationTest -->
