<?xml version="1.0" encoding="UTF-8"?>
<!-- Generated by org.testng.reporters.JUnitReportReporter -->
<testsuite hostname="DESKTOP-EIOB9NI" failures="0" tests="1" name="practiceCRUDWithBDD.CreateResource" time="2.904" errors="0" timestamp="2022-02-10T13:26:20 IST" skipped="0">
  <testcase classname="practiceCRUDWithBDD.CreateResource" name="createResource" time="2.904"/>
  <system-out/>
</testsuite> <!-- practiceCRUDWithBDD.CreateResource -->
