<?xml version="1.0" encoding="UTF-8"?>
<!-- Generated by org.testng.reporters.JUnitReportReporter -->
<testsuite hostname="DESKTOP-EIOB9NI" failures="0" tests="1" name="requestChaining.RequestChainingTest" time="2.868" errors="0" timestamp="2022-02-11T13:27:09 IST" skipped="0">
  <testcase classname="requestChaining.RequestChainingTest" name="requestChaining" time="2.868"/>
  <system-out/>
</testsuite> <!-- requestChaining.RequestChainingTest -->
