<?xml version="1.0" encoding="UTF-8"?>
<!-- Generated by org.testng.reporters.JUnitReportReporter -->
<testsuite hostname="DESKTOP-EIOB9NI" failures="0" tests="1" name="practiceCRUDWithoutBDD.CreateProject" time="2.599" errors="0" timestamp="2022-02-10T13:25:29 IST" skipped="0">
  <testcase classname="practiceCRUDWithoutBDD.CreateProject" name="createProject" time="2.599"/>
  <system-out/>
</testsuite> <!-- practiceCRUDWithoutBDD.CreateProject -->
