<?xml version="1.0" encoding="UTF-8"?>
<!-- Generated by org.testng.reporters.JUnitReportReporter -->
<testsuite hostname="DESKTOP-EIOB9NI" failures="0" tests="1" name="parametersAndAuthentication.PathParameterTest" time="2.018" errors="0" timestamp="2022-02-11T13:27:30 IST" skipped="0">
  <testcase classname="parametersAndAuthentication.PathParameterTest" name="getUserTest" time="2.018"/>
  <system-out/>
</testsuite> <!-- parametersAndAuthentication.PathParameterTest -->
