<?xml version="1.0" encoding="UTF-8"?>
<!-- Generated by org.testng.reporters.JUnitReportReporter -->
<testsuite hostname="DESKTOP-EIOB9NI" failures="0" tests="1" name="parametersAndAuthentication.ParhAndQueryParameterTest" time="3.474" errors="0" timestamp="2022-02-11T12:39:00 IST" skipped="0">
  <testcase classname="parametersAndAuthentication.ParhAndQueryParameterTest" name="parameters" time="3.474"/>
  <system-out/>
</testsuite> <!-- parametersAndAuthentication.ParhAndQueryParameterTest -->
