<?xml version="1.0" encoding="UTF-8"?>
<!-- Generated by org.testng.reporters.JUnitReportReporter -->
<testsuite hostname="DESKTOP-EIOB9NI" failures="0" tests="1" name="practiceCRUDWithBDD.UpdateResource" time="2.121" errors="0" timestamp="2022-02-10T14:16:44 IST" skipped="0">
  <testcase classname="practiceCRUDWithBDD.UpdateResource" name="updateResource" time="2.121"/>
  <system-out/>
</testsuite> <!-- practiceCRUDWithBDD.UpdateResource -->
