<?xml version="1.0" encoding="UTF-8"?>
<!-- Generated by org.testng.reporters.JUnitReportReporter -->
<testsuite hostname="DESKTOP-EIOB9NI" failures="0" tests="1" name="requestChaining.PostAndDeleteTest" time="4.065" errors="0" timestamp="2022-02-12T06:42:15 IST" skipped="0">
  <testcase classname="requestChaining.PostAndDeleteTest" name="postAndDeleteTest" time="4.065"/>
  <system-out/>
</testsuite> <!-- requestChaining.PostAndDeleteTest -->
