<?xml version="1.0" encoding="UTF-8"?>
<!-- Generated by org.testng.reporters.JUnitReportReporter -->
<testsuite hostname="DESKTOP-EIOB9NI" failures="0" tests="1" name="practiceCRUDWithoutBDD.DeleteProject" time="1.855" errors="0" timestamp="2022-02-10T08:48:22 IST" skipped="0">
  <testcase classname="practiceCRUDWithoutBDD.DeleteProject" name="deleteProject" time="1.855"/>
  <system-out/>
</testsuite> <!-- practiceCRUDWithoutBDD.DeleteProject -->
