<?xml version="1.0" encoding="UTF-8"?>
<!-- Generated by org.testng.reporters.JUnitReportReporter -->
<testsuite hostname="DESKTOP-EIOB9NI" failures="0" tests="1" name="waysToPostRequest.CreateByUsingHashMap" time="2.348" errors="0" timestamp="2022-02-10T14:53:14 IST" skipped="0">
  <testcase classname="waysToPostRequest.CreateByUsingHashMap" name="createProject" time="2.348"/>
  <system-out/>
</testsuite> <!-- waysToPostRequest.CreateByUsingHashMap -->
