<?xml version="1.0" encoding="UTF-8"?>
<!-- Generated by org.testng.reporters.JUnitReportReporter -->
<testsuite hostname="DESKTOP-EIOB9NI" failures="0" tests="1" name="practiceCRUDWithoutBDD.GetAllProjectsTest" time="2.008" errors="0" timestamp="2022-02-11T13:27:57 IST" skipped="0">
  <testcase classname="practiceCRUDWithoutBDD.GetAllProjectsTest" name="getAllProjects" time="2.008"/>
  <system-out/>
</testsuite> <!-- practiceCRUDWithoutBDD.GetAllProjectsTest -->
