<?xml version="1.0" encoding="UTF-8"?>
<!-- Generated by org.testng.reporters.JUnitReportReporter -->
<testsuite hostname="DESKTOP-EIOB9NI" failures="0" tests="2" name="responseValidation.SameRequestMultipleTimes" time="1.959" errors="0" timestamp="2022-02-10T16:30:12 IST" skipped="0">
  <testcase classname="responseValidation.SameRequestMultipleTimes" name="createResource" time="1.926"/>
  <system-out/>
  <testcase classname="responseValidation.SameRequestMultipleTimes" name="createResource" time="0.033"/>
  <system-out/>
</testsuite> <!-- responseValidation.SameRequestMultipleTimes -->
