<?xml version="1.0" encoding="UTF-8"?>
<!-- Generated by org.testng.reporters.JUnitReportReporter -->
<testsuite hostname="DESKTOP-EIOB9NI" failures="0" tests="1" name="waysToPostRequest.CreateByUsingJSONFile" time="1.766" errors="0" timestamp="2022-02-10T15:01:55 IST" skipped="0">
  <testcase classname="waysToPostRequest.CreateByUsingJSONFile" name="create" time="1.766"/>
  <system-out/>
</testsuite> <!-- waysToPostRequest.CreateByUsingJSONFile -->
