<?xml version="1.0" encoding="UTF-8"?>
<!-- Generated by org.testng.reporters.JUnitReportReporter -->
<testsuite hostname="DESKTOP-EIOB9NI" failures="0" tests="1" name="parametersAndAuthentication.QueryParameterTest" time="2.831" errors="0" timestamp="2022-02-11T12:32:35 IST" skipped="0">
  <testcase classname="parametersAndAuthentication.QueryParameterTest" name="queryParamTest" time="2.831"/>
  <system-out/>
</testsuite> <!-- parametersAndAuthentication.QueryParameterTest -->
