<?xml version="1.0" encoding="UTF-8"?>
<!-- Generated by org.testng.reporters.JUnitReportReporter -->
<testsuite hostname="DESKTOP-EIOB9NI" failures="0" tests="1" name="practiceCRUDWithBDD.GetAllResource" time="1.623" errors="0" timestamp="2022-02-10T15:51:51 IST" skipped="0">
  <testcase classname="practiceCRUDWithBDD.GetAllResource" name="getResource" time="1.623"/>
  <system-out/>
</testsuite> <!-- practiceCRUDWithBDD.GetAllResource -->
