<?xml version="1.0" encoding="UTF-8"?>
<!-- Generated by org.testng.reporters.JUnitReportReporter -->
<testsuite hostname="DESKTOP-EIOB9NI" failures="0" tests="1" name="practiice.SSLCertificate" time="3.337" errors="0" timestamp="2022-02-11T18:28:34 IST" skipped="0">
  <testcase classname="practiice.SSLCertificate" name="acceptSSLCert" time="3.337"/>
  <system-out/>
</testsuite> <!-- practiice.SSLCertificate -->
