<?xml version="1.0" encoding="UTF-8"?>
<!-- Generated by org.testng.reporters.JUnitReportReporter -->
<testsuite hostname="DESKTOP-EIOB9NI" failures="0" tests="1" name="responseValidation.DynamicResponseValidationTest" time="2.091" errors="0" timestamp="2022-02-10T16:17:06 IST" skipped="0">
  <testcase classname="responseValidation.DynamicResponseValidationTest" name="varify" time="2.091"/>
  <system-out/>
</testsuite> <!-- responseValidation.DynamicResponseValidationTest -->
