<?xml version="1.0" encoding="UTF-8"?>
<!-- Generated by org.testng.reporters.JUnitReportReporter -->
<testsuite hostname="DESKTOP-EIOB9NI" failures="0" tests="1" name="com.authentication.Auth2Test" time="2.694" errors="0" timestamp="2022-02-11T17:12:53 IST" skipped="0">
  <testcase classname="com.authentication.Auth2Test" name="oAuth2" time="2.694"/>
  <system-out/>
</testsuite> <!-- com.authentication.Auth2Test -->
