<?xml version="1.0" encoding="UTF-8"?>
<!-- Generated by org.testng.reporters.JUnitReportReporter -->
<testsuite hostname="DESKTOP-EIOB9NI" failures="0" tests="1" name="waysToPostRequest.CreateByUsingHashMapTest" time="3.000" errors="0" timestamp="2022-02-11T14:26:00 IST" skipped="0">
  <testcase classname="waysToPostRequest.CreateByUsingHashMapTest" name="createProject" time="3.000"/>
  <system-out/>
</testsuite> <!-- waysToPostRequest.CreateByUsingHashMapTest -->
