<?xml version="1.0" encoding="UTF-8"?>
<!-- Generated by org.testng.reporters.JUnitReportReporter -->
<testsuite hostname="DESKTOP-EIOB9NI" failures="0" tests="1" name="waysToPostRequest.CreateBYUsingPojo" time="1.824" errors="0" timestamp="2022-02-10T15:05:15 IST" skipped="0">
  <testcase classname="waysToPostRequest.CreateBYUsingPojo" name="create" time="1.824"/>
  <system-out/>
</testsuite> <!-- waysToPostRequest.CreateBYUsingPojo -->
