<?xml version="1.0" encoding="UTF-8"?>
<!-- Generated by org.testng.reporters.JUnitReportReporter -->
<testsuite hostname="DESKTOP-EIOB9NI" failures="0" tests="1" name="practiceCRUDWithoutBDD.UpdateProject" time="2.347" errors="0" timestamp="2022-02-10T08:43:46 IST" skipped="0">
  <testcase classname="practiceCRUDWithoutBDD.UpdateProject" name="updateProject" time="2.347"/>
  <system-out/>
</testsuite> <!-- practiceCRUDWithoutBDD.UpdateProject -->
