<?xml version="1.0" encoding="UTF-8"?>
<!-- Generated by org.testng.reporters.JUnitReportReporter -->
<testsuite hostname="DESKTOP-EIOB9NI" failures="0" tests="1" name="com.RMGYantraTest.CreateResourceAndVarifyInDBTest" time="2.479" errors="0" timestamp="2022-02-12T15:21:43 IST" skipped="0">
  <testcase classname="com.RMGYantraTest.CreateResourceAndVarifyInDBTest" name="createResourceAndVarifyInDBTest" time="2.479"/>
  <system-out>
    <![CDATA[TY_PROJ_2603 data in response body
TY_PROJ_2603 data in database
Data verification successful]]>
  </system-out>
</testsuite> <!-- com.RMGYantraTest.CreateResourceAndVarifyInDBTest -->
