<?xml version="1.0" encoding="UTF-8"?>
<!-- Generated by org.testng.reporters.JUnitReportReporter -->
<testsuite hostname="DESKTOP-EIOB9NI" failures="0" tests="1" name="com.authentication.BearerTokenTest" time="4.296" errors="0" timestamp="2022-02-11T16:22:00 IST" skipped="0">
  <testcase classname="com.authentication.BearerTokenTest" name="bearerToken" time="4.296"/>
  <system-out/>
</testsuite> <!-- com.authentication.BearerTokenTest -->
