<?xml version="1.0" encoding="UTF-8"?>
<!-- Generated by org.testng.reporters.JUnitReportReporter -->
<testsuite hostname="DESKTOP-EIOB9NI" failures="0" tests="1" name="waysToPostRequest.CreateByUsingJSONObject" time="2.579" errors="0" timestamp="2022-02-10T17:24:14 IST" skipped="0">
  <testcase classname="waysToPostRequest.CreateByUsingJSONObject" name="create" time="2.579"/>
  <system-out/>
</testsuite> <!-- waysToPostRequest.CreateByUsingJSONObject -->
