<?xml version="1.0" encoding="UTF-8"?>
<!-- Generated by org.testng.reporters.JUnitReportReporter -->
<testsuite hostname="DESKTOP-EIOB9NI" failures="0" tests="1" name="parametersAndAuthentication.PathParameter" time="2.176" errors="0" timestamp="2022-02-11T12:28:35 IST" skipped="0">
  <testcase classname="parametersAndAuthentication.PathParameter" name="getUserTest" time="2.176"/>
  <system-out/>
</testsuite> <!-- parametersAndAuthentication.PathParameter -->
