<?xml version="1.0" encoding="UTF-8"?>
<!-- Generated by org.testng.reporters.JUnitReportReporter -->
<testsuite hostname="DESKTOP-EIOB9NI" failures="0" tests="1" name="parametersAndAuthentication.PathParaDeleteProject" time="2.488" errors="0" timestamp="2022-02-11T17:10:43 IST" skipped="0">
  <testcase classname="parametersAndAuthentication.PathParaDeleteProject" name="deleteProject" time="2.488"/>
  <system-out/>
</testsuite> <!-- parametersAndAuthentication.PathParaDeleteProject -->
