<?xml version="1.0" encoding="UTF-8"?>
<!-- Generated by org.testng.reporters.JUnitReportReporter -->
<testsuite hostname="DESKTOP-EIOB9NI" failures="0" tests="1" name="com.crm.autodesk.producttest.CreateProductsTest" time="20.987" errors="0" timestamp="2022-01-01T18:17:43 IST" skipped="0">
  <testcase classname="com.crm.autodesk.producttest.CreateProductsTest" name="CreateProductTest" time="20.987"/>
  <system-out>
    <![CDATA[product created successfully...Pass]]>
  </system-out>
</testsuite> <!-- com.crm.autodesk.producttest.CreateProductsTest -->
