<?xml version="1.0" encoding="UTF-8"?>
<!-- Generated by org.testng.reporters.JUnitReportReporter -->
<testsuite hostname="DESKTOP-EIOB9NI" failures="0" tests="1" name="com.crm.autodesk.producttest.CreateProductWithVendorTest" time="14.536" errors="0" timestamp="2022-01-01T18:07:06 IST" skipped="0">
  <testcase classname="com.crm.autodesk.producttest.CreateProductWithVendorTest" name="createProductWithVendorTest" time="14.536"/>
  <system-out>
    <![CDATA[product created with vendor name successfully...Pass]]>
  </system-out>
</testsuite> <!-- com.crm.autodesk.producttest.CreateProductWithVendorTest -->
