<?xml version="1.0" encoding="UTF-8"?>
<!-- Generated by org.testng.reporters.JUnitReportReporter -->
<testsuite hostname="DESKTOP-EIOB9NI" failures="0" tests="1" name="com.crm.autodest.orgtest.CreateOrganisationtest" time="16.377" errors="0" timestamp="2022-01-08T22:38:16 IST" skipped="0">
  <testcase classname="com.crm.autodest.orgtest.CreateOrganisationtest" name="createOrg" time="16.377"/>
  <system-out/>
</testsuite> <!-- com.crm.autodest.orgtest.CreateOrganisationtest -->
