<?xml version="1.0" encoding="UTF-8"?>
<!-- Generated by org.testng.reporters.JUnitReportReporter -->
<testsuite hostname="DESKTOP-EIOB9NI" failures="0" tests="2" name="com.crm.autodesk.contacttest.CreateContactWithOrganizationTest" time="47.700" errors="0" timestamp="2022-01-01T18:27:36 IST" skipped="0">
  <testcase classname="com.crm.autodesk.contacttest.CreateContactWithOrganizationTest" name="createContactWithOrg" time="20.987"/>
  <system-out>
    <![CDATA[Contact created with organization...Test script pass...]]>
  </system-out>
  <testcase classname="com.crm.autodesk.contacttest.CreateContactWithOrganizationTest" name="createContactWithOrg" time="26.713"/>
  <system-out>
    <![CDATA[Contact created with organization...Test script pass...]]>
  </system-out>
</testsuite> <!-- com.crm.autodesk.contacttest.CreateContactWithOrganizationTest -->
