<?xml version="1.0" encoding="UTF-8"?>
<!-- Generated by org.testng.reporters.JUnitReportReporter -->
<testsuite hostname="DESKTOP-EIOB9NI" failures="0" tests="1" name="com.crm.autodesk.contacttest.CreateContactTest" time="36.826" errors="0" timestamp="2022-02-04T16:10:28 IST" skipped="0">
  <testcase classname="com.crm.autodesk.contacttest.CreateContactTest" name="createContactTest" time="36.826"/>
  <system-out>
    <![CDATA[Contact Created...Test script pass...]]>
  </system-out>
</testsuite> <!-- com.crm.autodesk.contacttest.CreateContactTest -->
